<?xml version="1.0" encoding="UTF-8"?>
<testsuite xmlns:xsi="http://www.w3.org/2001/XMLSchema-instance" xsi:noNamespaceSchemaLocation="https://maven.apache.org/surefire/maven-surefire-plugin/xsd/surefire-test-report-3.0.xsd" version="3.0" name="UserServiceTest" time="1.263" tests="6" errors="0" skipped="0" failures="0">
  <properties>
[...]
</properties>
  <testcase name="saveUser" classname="UserServiceTest" time="0.674">
    <system-out><![CDATA[User с именем Ivan добавлен в базу данных
]]></system-out>
  </testcase>
  <testcase name="removeUserById" classname="UserServiceTest" time="0.128">
    <system-out><![CDATA[User с именем Ivan добавлен в базу данных
User 1 removed from table
]]></system-out>
  </testcase>
  <testcase name="getAllUsers" classname="UserServiceTest" time="0.122">
    <system-out><![CDATA[User с именем Ivan добавлен в базу данных
]]></system-out>
  </testcase>
  <testcase name="dropUsersTable" classname="UserServiceTest" time="0.056"/>
  <testcase name="createUsersTable" classname="UserServiceTest" time="0.074"/>
  <testcase name="cleanUsersTable" classname="UserServiceTest" time="0.153">
    <system-out><![CDATA[User с именем Ivan добавлен в базу данных
]]></system-out>
  </testcase>
</testsuite>